<?xml version="1.0" encoding="UTF-8"?>
<!-- Generated by org.testng.reporters.JUnitReportReporter -->
<testsuite hostname="DESKTOP-3VEJOSG" failures="0" tests="1" name="com.RealProject.TestClasses.TC02LogoutPageFuctionality" time="0.741" errors="0" timestamp="2022-04-15T23:28:26 IST" skipped="0">
  <testcase classname="com.RealProject.TestClasses.TC02LogoutPageFuctionality" name="logoutFuctionality" time="0.741"/>
  <system-out>
    <![CDATA[Execution is started
TestCase is successfully passed]]>
  </system-out>
</testsuite> <!-- com.RealProject.TestClasses.TC02LogoutPageFuctionality -->
